<?xml version="1.0" encoding="UTF-8"?>
<testng-results ignored="0" total="1" passed="1" failed="0" skipped="0">
  <reporter-output>
  </reporter-output>
  <suite started-at="2024-09-06T10:39:36 IST" name="Default suite" finished-at="2024-09-06T10:40:01 IST" duration-ms="25270">
    <groups>
      <group name="cucumber">
        <method signature="AbstractTestNGCucumberTests.runScenario(io.cucumber.testng.PickleWrapper,io.cucumber.testng.FeatureWrapper)[pri:0, instance:com.Wipro.TestRunner.TestRunner_HomePage@4e50c791]" name="runScenario" class="io.cucumber.testng.AbstractTestNGCucumberTests"/>
      </group> <!-- cucumber -->
    </groups>
    <test started-at="2024-09-06T10:39:36 IST" name="Default test" finished-at="2024-09-06T10:40:01 IST" duration-ms="25270">
      <class name="com.Wipro.TestRunner.TestRunner_HomePage">
        <test-method is-config="true" signature="setUpClass(org.testng.ITestContext)[pri:0, instance:com.Wipro.TestRunner.TestRunner_HomePage@4e50c791]" started-at="2024-09-06T10:39:36 IST" name="setUpClass" finished-at="2024-09-06T10:39:37 IST" duration-ms="1020" status="PASS">
          <params>
            <param index="0">
              <value>
                <![CDATA[org.testng.TestRunner@2c748a15]]>
              </value>
            </param>
          </params>
          <reporter-output>
          </reporter-output>
        </test-method> <!-- setUpClass -->
        <test-method signature="runScenario(io.cucumber.testng.PickleWrapper,io.cucumber.testng.FeatureWrapper)[pri:0, instance:com.Wipro.TestRunner.TestRunner_HomePage@4e50c791]" started-at="2024-09-06T10:39:37 IST" name="runScenario" description="Runs Cucumber Scenarios" data-provider="scenarios" finished-at="2024-09-06T10:39:55 IST" duration-ms="17876" status="PASS">
          <params>
            <param index="0">
              <value>
                <![CDATA["Navigate to homepage from different page"]]>
              </value>
            </param>
            <param index="1">
              <value>
                <![CDATA["homepage display"]]>
              </value>
            </param>
          </params>
          <reporter-output>
          </reporter-output>
        </test-method> <!-- runScenario -->
        <test-method is-config="true" signature="tearDownClass()[pri:0, instance:com.Wipro.TestRunner.TestRunner_HomePage@4e50c791]" started-at="2024-09-06T10:39:59 IST" name="tearDownClass" finished-at="2024-09-06T10:40:01 IST" duration-ms="2575" status="PASS">
          <reporter-output>
          </reporter-output>
        </test-method> <!-- tearDownClass -->
      </class> <!-- com.Wipro.TestRunner.TestRunner_HomePage -->
    </test> <!-- Default test -->
  </suite> <!-- Default suite -->
</testng-results>
